\BOOKMARK [1][-]{section*.5}{\376\377\000L\000i\000s\000t\000\040\000o\000f\000\040\000F\000i\000g\000u\000r\000e\000s}{}% 1
\BOOKMARK [1][-]{section*.7}{\376\377\000L\000i\000s\000t\000\040\000o\000f\000\040\000T\000a\000b\000l\000e\000s}{}% 2
\BOOKMARK [0][-]{chapter.1}{\376\377\000I\000n\000t\000r\000o\000d\000u\000c\000t\000i\000o\000n}{}% 3
\BOOKMARK [1][-]{section.1.1}{\376\377\000O\000v\000e\000r\000v\000i\000e\000w\000\040\000a\000n\000d\000\040\000M\000o\000t\000i\000v\000a\000t\000i\000o\000n}{chapter.1}% 4
\BOOKMARK [1][-]{section.1.2}{\376\377\000P\000r\000o\000b\000l\000e\000m\000\040\000S\000t\000a\000t\000e\000m\000e\000n\000t\000\040\000a\000n\000d\000\040\000R\000e\000s\000e\000a\000r\000c\000h\000\040\000Q\000u\000e\000s\000t\000i\000o\000n\000s}{chapter.1}% 5
\BOOKMARK [1][-]{section.1.3}{\376\377\000B\000a\000c\000k\000g\000r\000o\000u\000n\000d\000:\000\040\000E\000v\000e\000n\000t\000\040\000C\000a\000m\000e\000r\000a\000s\000\040\000a\000n\000d\000\040\000E\000g\000o\000-\000M\000o\000t\000i\000o\000n\000\040\000C\000o\000m\000p\000e\000n\000s\000a\000t\000i\000o\000n}{chapter.1}% 6
\BOOKMARK [1][-]{section.1.4}{\376\377\000M\000e\000t\000h\000o\000d\000o\000l\000o\000g\000i\000c\000a\000l\000\040\000S\000c\000o\000p\000e\000\040\000a\000n\000d\000\040\000A\000s\000s\000u\000m\000p\000t\000i\000o\000n\000s}{chapter.1}% 7
\BOOKMARK [1][-]{section.1.5}{\376\377\000C\000o\000n\000t\000r\000i\000b\000u\000t\000i\000o\000n\000s}{chapter.1}% 8
\BOOKMARK [1][-]{section.1.6}{\376\377\000T\000h\000e\000s\000i\000s\000\040\000O\000u\000t\000l\000i\000n\000e}{chapter.1}% 9
\BOOKMARK [0][-]{chapter.2}{\376\377\000B\000a\000c\000k\000g\000r\000o\000u\000n\000d\000\040\000a\000n\000d\000\040\000R\000e\000l\000a\000t\000e\000d\000\040\000W\000o\000r\000k}{}% 10
\BOOKMARK [1][-]{section.2.1}{\376\377\000P\000r\000i\000n\000c\000i\000p\000l\000e\000s\000\040\000o\000f\000\040\000E\000v\000e\000n\000t\000\040\000C\000a\000m\000e\000r\000a\000s}{chapter.2}% 11
\BOOKMARK [1][-]{section.2.2}{\376\377\000E\000v\000e\000n\000t\000\040\000D\000a\000t\000a\000\040\000P\000r\000o\000c\000e\000s\000s\000i\000n\000g\000:\000\040\000A\000s\000y\000n\000c\000h\000r\000o\000n\000o\000u\000s\000\040\000v\000s\000\040\000B\000a\000t\000c\000h\000\040\000P\000a\000r\000a\000d\000i\000g\000m\000s}{chapter.2}% 12
\BOOKMARK [1][-]{section.2.3}{\376\377\000M\000o\000t\000i\000o\000n\000\040\000E\000s\000t\000i\000m\000a\000t\000i\000o\000n\000\040\000a\000n\000d\000\040\000E\000g\000o\000-\000M\000o\000t\000i\000o\000n}{chapter.2}% 13
\BOOKMARK [1][-]{section.2.4}{\376\377\000R\000o\000t\000a\000t\000i\000o\000n\000a\000l\000\040\000a\000n\000d\000\040\000C\000i\000r\000c\000u\000l\000a\000r\000-\000M\000o\000t\000i\000o\000n\000\040\000S\000e\000t\000u\000p\000s}{chapter.2}% 14
\BOOKMARK [1][-]{section.2.5}{\376\377\000E\000v\000e\000n\000t\000\040\000P\000r\000e\000d\000i\000c\000t\000i\000o\000n\000,\000\040\000F\000o\000r\000w\000a\000r\000d\000\040\000M\000o\000d\000e\000l\000s\000,\000\040\000a\000n\000d\000\040\000P\000r\000e\000d\000i\000c\000t\000i\000v\000e\000\040\000S\000u\000p\000p\000r\000e\000s\000s\000i\000o\000n}{chapter.2}% 15
\BOOKMARK [1][-]{section.2.6}{\376\377\000M\000e\000t\000r\000i\000c\000s\000\040\000a\000n\000d\000\040\000E\000v\000a\000l\000u\000a\000t\000i\000o\000n\000\040\000P\000r\000a\000c\000t\000i\000c\000e\000s}{chapter.2}% 16
\BOOKMARK [0][-]{chapter.3}{\376\377\000M\000o\000t\000i\000o\000n\000\040\000E\000s\000t\000i\000m\000a\000t\000i\000o\000n\000\040\000\046\000\040\000E\000v\000e\000n\000t\000\040\000P\000r\000e\000d\000i\000c\000t\000i\000o\000n}{}% 17
\BOOKMARK [1][-]{section.3.1}{\376\377\000P\000u\000r\000p\000o\000s\000e\000\040\000a\000n\000d\000\040\000R\000o\000l\000e\000\040\000i\000n\000\040\000t\000h\000e\000\040\000P\000i\000p\000e\000l\000i\000n\000e}{chapter.3}% 18
\BOOKMARK [1][-]{section.3.2}{\376\377\000R\000o\000t\000a\000t\000i\000o\000n\000a\000l\000\040\000M\000o\000t\000i\000o\000n\000\040\000M\000o\000d\000e\000l\000\040\000f\000o\000r\000\040\000S\000h\000o\000r\000t\000\040\000H\000o\000r\000i\000z\000o\000n\000s}{chapter.3}% 19
\BOOKMARK [1][-]{section.3.3}{\376\377\000F\000r\000o\000m\000\040\000E\000v\000e\000n\000t\000s\000\040\000t\000o\000\040\000R\000o\000t\000a\000t\000i\000o\000n\000\040\000P\000a\000r\000a\000m\000e\000t\000e\000r\000s}{chapter.3}% 20
\BOOKMARK [1][-]{section.3.4}{\376\377\000E\000v\000e\000n\000t\000\040\000P\000r\000e\000d\000i\000c\000t\000i\000o\000n\000\040\000u\000n\000d\000e\000r\000\040\000R\000o\000t\000a\000t\000i\000o\000n}{chapter.3}% 21
\BOOKMARK [1][-]{section.3.5}{\376\377\000E\000r\000r\000o\000r\000\040\000S\000o\000u\000r\000c\000e\000s\000\040\000a\000n\000d\000\040\000S\000e\000n\000s\000i\000t\000i\000v\000i\000t\000y\000\040\000\050\000p\000o\000i\000n\000t\000e\000r\000\051}{chapter.3}% 22
\BOOKMARK [1][-]{section.3.6}{\376\377\000O\000u\000r\000\040\000P\000r\000a\000c\000t\000i\000c\000a\000l\000\040\000E\000s\000t\000i\000m\000a\000t\000i\000o\000n\000\040\000P\000i\000p\000e\000l\000i\000n\000e}{chapter.3}% 23
\BOOKMARK [1][-]{section.3.7}{\376\377\000V\000a\000l\000i\000d\000a\000t\000i\000o\000n\000\040\000a\000n\000d\000\040\000B\000r\000i\000d\000g\000e\000\040\000t\000o\000\040\000E\000x\000p\000e\000r\000i\000m\000e\000n\000t\000s}{chapter.3}% 24
\BOOKMARK [1][-]{section.3.8}{\376\377\000D\000i\000s\000c\000u\000s\000s\000i\000o\000n\000\040\000a\000n\000d\000\040\000L\000i\000m\000i\000t\000a\000t\000i\000o\000n\000s}{chapter.3}% 25
\BOOKMARK [0][-]{chapter.4}{\376\377\000P\000r\000o\000b\000l\000e\000m\000\040\000F\000o\000r\000m\000u\000l\000a\000t\000i\000o\000n}{}% 26
\BOOKMARK [1][-]{section.4.1}{\376\377\000N\000o\000t\000a\000t\000i\000o\000n\000\040\000a\000n\000d\000\040\000E\000v\000e\000n\000t\000\040\000S\000t\000r\000e\000a\000m\000\040\000M\000o\000d\000e\000l}{chapter.4}% 27
\BOOKMARK [1][-]{section.4.2}{\376\377\000C\000i\000r\000c\000u\000l\000a\000r\000-\000M\000o\000t\000i\000o\000n\000\040\000E\000g\000o\000-\000M\000o\000t\000i\000o\000n\000\040\000M\000o\000d\000e\000l}{chapter.4}% 28
\BOOKMARK [1][-]{section.4.3}{\376\377\000P\000e\000r\000-\000E\000v\000e\000n\000t\000\040\000F\000o\000r\000w\000a\000r\000d\000\040\000P\000r\000e\000d\000i\000c\000t\000i\000o\000n\000\040\000w\000i\000t\000h\000\040\000a\000\040\000T\000e\000m\000p\000o\000r\000a\000l\000\040\000G\000a\000t\000e}{chapter.4}% 29
\BOOKMARK [1][-]{section.4.4}{\376\377\000G\000e\000o\000m\000e\000t\000r\000i\000c\000\040\000a\000n\000d\000\040\000T\000e\000m\000p\000o\000r\000a\000l\000\040\000S\000e\000n\000s\000i\000t\000i\000v\000i\000t\000y\000\040\000t\000o\000\040\000M\000o\000d\000e\000l\000\040\000E\000r\000r\000o\000r\000s}{chapter.4}% 30
\BOOKMARK [1][-]{section.4.5}{\376\377\000F\000o\000r\000m\000a\000l\000\040\000C\000a\000n\000c\000e\000l\000l\000a\000t\000i\000o\000n\000\040\000R\000u\000l\000e}{chapter.4}% 31
\BOOKMARK [1][-]{section.4.6}{\376\377\000C\000a\000n\000c\000e\000l\000l\000a\000t\000i\000o\000n\000\040\000I\000m\000p\000l\000e\000m\000e\000n\000t\000a\000t\000i\000o\000n\000\040\000a\000n\000d\000\040\000R\000e\000p\000r\000e\000s\000e\000n\000t\000a\000t\000i\000o\000n}{chapter.4}% 32
\BOOKMARK [1][-]{section.4.7}{\376\377\000A\000s\000s\000u\000m\000p\000t\000i\000o\000n\000s\000,\000\040\000L\000i\000m\000i\000t\000a\000t\000i\000o\000n\000s\000,\000\040\000a\000n\000d\000\040\000T\000h\000r\000e\000a\000t\000s\000\040\000t\000o\000\040\000V\000a\000l\000i\000d\000i\000t\000y}{chapter.4}% 33
\BOOKMARK [1][-]{section.4.8}{\376\377\000B\000r\000i\000d\000g\000e\000\040\000t\000o\000\040\000M\000e\000t\000r\000i\000c\000s\000\040\000a\000n\000d\000\040\000E\000x\000p\000e\000r\000i\000m\000e\000n\000t\000s}{chapter.4}% 34
\BOOKMARK [0][-]{chapter.5}{\376\377\000E\000v\000e\000n\000t\000\040\000C\000a\000n\000c\000e\000l\000l\000a\000t\000i\000o\000n\000\040\000A\000l\000g\000o\000r\000i\000t\000h\000m}{}% 35
\BOOKMARK [1][-]{section.5.1}{\376\377\000O\000v\000e\000r\000v\000i\000e\000w\000\040\000a\000n\000d\000\040\000D\000e\000s\000i\000g\000n\000\040\000G\000o\000a\000l\000s}{chapter.5}% 36
\BOOKMARK [1][-]{section.5.2}{\376\377\000I\000n\000p\000u\000t\000s\000,\000\040\000O\000u\000t\000p\000u\000t\000s\000,\000\040\000a\000n\000d\000\040\000S\000t\000a\000t\000e}{chapter.5}% 37
\BOOKMARK [1][-]{section.5.3}{\376\377\000P\000e\000r\000-\000E\000v\000e\000n\000t\000\040\000P\000r\000e\000d\000i\000c\000t\000i\000o\000n}{chapter.5}% 38
\BOOKMARK [1][-]{section.5.4}{\376\377\000T\000e\000m\000p\000o\000r\000a\000l\000\040\000G\000a\000t\000e\000\040\000a\000n\000d\000\040\000C\000a\000n\000d\000i\000d\000a\000t\000e\000\040\000R\000e\000t\000r\000i\000e\000v\000a\000l}{chapter.5}% 39
\BOOKMARK [1][-]{section.5.5}{\376\377\000S\000p\000a\000t\000i\000a\000l\000\040\000\046\000\040\000P\000o\000l\000a\000r\000i\000t\000y\000\040\000G\000a\000t\000i\000n\000g\000,\000\040\000a\000n\000d\000\040\000P\000a\000i\000r\000i\000n\000g\000\040\000P\000o\000l\000i\000c\000y}{chapter.5}% 40
\BOOKMARK [1][-]{section.5.6}{\376\377\000C\000a\000n\000c\000e\000l\000l\000a\000t\000i\000o\000n\000\040\000a\000n\000d\000\040\000R\000e\000s\000i\000d\000u\000a\000l\000s}{chapter.5}% 41
\BOOKMARK [1][-]{section.5.7}{\376\377\000C\000o\000m\000p\000l\000e\000x\000i\000t\000y\000\040\000a\000n\000d\000\040\000T\000h\000r\000o\000u\000g\000h\000p\000u\000t}{chapter.5}% 42
\BOOKMARK [1][-]{section.5.8}{\376\377\000N\000u\000m\000e\000r\000i\000c\000a\000l\000\040\000D\000e\000t\000a\000i\000l\000s\000\040\000a\000n\000d\000\040\000E\000d\000g\000e\000\040\000C\000a\000s\000e\000s}{chapter.5}% 43
\BOOKMARK [1][-]{section.5.9}{\376\377\000A\000l\000g\000o\000r\000i\000t\000h\000m}{chapter.5}% 44
\BOOKMARK [1][-]{section.5.10}{\376\377\000C\000o\000n\000n\000e\000c\000t\000i\000o\000n\000\040\000t\000o\000\040\000L\000i\000t\000e\000r\000a\000t\000u\000r\000e\000\040\000a\000n\000d\000\040\000R\000a\000t\000i\000o\000n\000a\000l\000e}{chapter.5}% 45
\BOOKMARK [1][-]{section.5.11}{\376\377\000P\000a\000r\000a\000m\000e\000t\000e\000r\000\040\000S\000e\000l\000e\000c\000t\000i\000o\000n\000\040\000H\000e\000u\000r\000i\000s\000t\000i\000c\000s}{chapter.5}% 46
\BOOKMARK [1][-]{section.5.12}{\376\377\000L\000i\000m\000i\000t\000a\000t\000i\000o\000n\000s\000\040\000a\000n\000d\000\040\000F\000a\000i\000l\000u\000r\000e\000\040\000M\000o\000d\000e\000s}{chapter.5}% 47
\BOOKMARK [0][-]{chapter.6}{\376\377\000E\000x\000p\000e\000r\000i\000m\000e\000n\000t\000a\000l\000\040\000S\000e\000t\000u\000p}{}% 48
\BOOKMARK [1][-]{section.6.1}{\376\377\000H\000a\000r\000d\000w\000a\000r\000e\000\040\000a\000n\000d\000\040\000A\000p\000p\000a\000r\000a\000t\000u\000s}{chapter.6}% 49
\BOOKMARK [1][-]{section.6.2}{\376\377\000D\000a\000t\000a\000s\000e\000t\000s\000\040\000a\000n\000d\000\040\000P\000r\000o\000t\000o\000c\000o\000l}{chapter.6}% 50
\BOOKMARK [1][-]{section.6.3}{\376\377\000S\000o\000f\000t\000w\000a\000r\000e\000\040\000P\000i\000p\000e\000l\000i\000n\000e}{chapter.6}% 51
\BOOKMARK [0][-]{chapter.7}{\376\377\000R\000e\000s\000u\000l\000t\000s}{}% 52
\BOOKMARK [1][-]{section.7.1}{\376\377\000O\000v\000e\000r\000a\000l\000l\000\040\000C\000a\000n\000c\000e\000l\000l\000a\000t\000i\000o\000n\000\040\000P\000e\000r\000f\000o\000r\000m\000a\000n\000c\000e}{chapter.7}% 53
\BOOKMARK [1][-]{section.7.2}{\376\377\000P\000a\000r\000a\000m\000e\000t\000e\000r\000\040\000S\000e\000n\000s\000i\000t\000i\000v\000i\000t\000y\000\040\000A\000n\000a\000l\000y\000s\000i\000s}{chapter.7}% 54
\BOOKMARK [1][-]{section.7.3}{\376\377\000S\000p\000a\000t\000i\000a\000l\000\040\000D\000i\000s\000t\000r\000i\000b\000u\000t\000i\000o\000n\000\040\000o\000f\000\040\000R\000e\000s\000i\000d\000u\000a\000l\000s}{chapter.7}% 55
\BOOKMARK [1][-]{section.7.4}{\376\377\000R\000e\000g\000i\000o\000n\000-\000o\000f\000-\000I\000n\000t\000e\000r\000e\000s\000t\000\040\000A\000n\000a\000l\000y\000s\000i\000s}{chapter.7}% 56
\BOOKMARK [1][-]{section.7.5}{\376\377\000D\000i\000s\000p\000l\000a\000c\000e\000m\000e\000n\000t\000\040\000S\000t\000a\000t\000i\000s\000t\000i\000c\000s}{chapter.7}% 57
\BOOKMARK [1][-]{section.7.6}{\376\377\000Q\000u\000a\000l\000i\000t\000a\000t\000i\000v\000e\000\040\000V\000i\000s\000u\000a\000l\000i\000s\000a\000t\000i\000o\000n}{chapter.7}% 58
\BOOKMARK [1][-]{section.7.7}{\376\377\000C\000o\000m\000p\000a\000r\000i\000s\000o\000n\000\040\000w\000i\000t\000h\000\040\000M\000o\000t\000i\000o\000n\000\040\000E\000s\000t\000i\000m\000a\000t\000i\000o\000n\000\040\000A\000c\000c\000u\000r\000a\000c\000y}{chapter.7}% 59
\BOOKMARK [1][-]{section.7.8}{\376\377\000L\000i\000m\000i\000t\000a\000t\000i\000o\000n\000s\000\040\000a\000n\000d\000\040\000F\000a\000i\000l\000u\000r\000e\000\040\000C\000a\000s\000e\000s}{chapter.7}% 60
\BOOKMARK [1][-]{section.7.9}{\376\377\000S\000u\000m\000m\000a\000r\000y\000\040\000o\000f\000\040\000R\000e\000s\000u\000l\000t\000s}{chapter.7}% 61
\BOOKMARK [0][-]{chapter.8}{\376\377\000S\000e\000n\000s\000i\000t\000i\000v\000i\000t\000y\000\040\000A\000n\000a\000l\000y\000s\000i\000s\000\040\000o\000f\000\040\000P\000a\000r\000a\000m\000e\000t\000e\000r\000s}{}% 62
\BOOKMARK [1][-]{section.8.1}{\376\377\000E\000f\000f\000e\000c\000t\000\040\000o\000f\000\040\000P\000r\000e\000d\000i\000c\000t\000i\000o\000n\000\040\000H\000o\000r\000i\000z\000o\000n\000\040\000t}{chapter.8}% 63
\BOOKMARK [1][-]{section.8.2}{\376\377\000S\000p\000a\000t\000i\000a\000l\000\040\000T\000o\000l\000e\000r\000a\000n\000c\000e\000\040\000\050\000\040\000x\000y\000\040\000,\000\040\000p\000i\000x\000e\000l\000s\000\051}{chapter.8}% 64
\BOOKMARK [1][-]{section.8.3}{\376\377\000T\000e\000m\000p\000o\000r\000a\000l\000\040\000T\000o\000l\000e\000r\000a\000n\000c\000e\000\040\000\050\000\040\000t\000\040\000,\000\040\000m\000s\000\051}{chapter.8}% 65
\BOOKMARK [1][-]{section.8.4}{\376\377\000P\000o\000l\000a\000r\000i\000t\000y\000\040\000H\000a\000n\000d\000l\000i\000n\000g}{chapter.8}% 66
\BOOKMARK [1][-]{section.8.5}{\376\377\000A\000n\000g\000u\000l\000a\000r\000\040\000V\000e\000l\000o\000c\000i\000t\000y\000\040\000B\000i\000a\000s}{chapter.8}% 67
\BOOKMARK [1][-]{section.8.6}{\376\377\000R\000e\000s\000i\000d\000u\000a\000l\000s\000\040\000v\000s\000.\000\040\000B\000a\000c\000k\000g\000r\000o\000u\000n\000d\000\040\000B\000a\000s\000e\000l\000i\000n\000e}{chapter.8}% 68
\BOOKMARK [1][-]{section.8.7}{\376\377\000S\000u\000m\000m\000a\000r\000y\000\040\000o\000f\000\040\000T\000r\000e\000n\000d\000s}{chapter.8}% 69
\BOOKMARK [0][-]{chapter.9}{\376\377\000D\000i\000s\000c\000u\000s\000s\000i\000o\000n}{}% 70
\BOOKMARK [1][-]{section.9.1}{\376\377\000I\000n\000t\000e\000r\000p\000r\000e\000t\000i\000n\000g\000\040\000S\000e\000n\000s\000i\000t\000i\000v\000i\000t\000y\000\040\000R\000e\000s\000u\000l\000t\000s}{chapter.9}% 71
\BOOKMARK [1][-]{section.9.2}{\376\377\000I\000m\000p\000l\000i\000c\000a\000t\000i\000o\000n\000s\000\040\000a\000n\000d\000\040\000L\000i\000m\000i\000t\000a\000t\000i\000o\000n\000s}{chapter.9}% 72
\BOOKMARK [1][-]{section.9.3}{\376\377\000T\000h\000r\000e\000a\000t\000s\000\040\000t\000o\000\040\000V\000a\000l\000i\000d\000i\000t\000y}{chapter.9}% 73
\BOOKMARK [0][-]{chapter.10}{\376\377\000C\000o\000n\000c\000l\000u\000s\000i\000o\000n\000s\000\040\000\046\000\040\000F\000u\000t\000u\000r\000e\000\040\000W\000o\000r\000k}{}% 74
\BOOKMARK [1][-]{section.10.1}{\376\377\000S\000u\000m\000m\000a\000r\000y}{chapter.10}% 75
\BOOKMARK [1][-]{section.10.2}{\376\377\000C\000o\000n\000t\000r\000i\000b\000u\000t\000i\000o\000n\000s}{chapter.10}% 76
\BOOKMARK [1][-]{section.10.3}{\376\377\000F\000u\000t\000u\000r\000e\000\040\000D\000i\000r\000e\000c\000t\000i\000o\000n\000s}{chapter.10}% 77
\BOOKMARK [0][-]{section*.47}{\376\377\000B\000i\000b\000l\000i\000o\000g\000r\000a\000p\000h\000y}{}% 78
