This is pdfTeX, Version 3.141592653-2.6-1.40.22 (TeX Live 2022/dev/Debian) (preloaded format=pdflatex 2025.10.7)  30 OCT 2025 13:55
entering extended mode
 restricted \write18 enabled.
 %&-line parsing enabled.
**thesis.tex
(./thesis.tex
LaTeX2e <2021-11-15> patch level 1
L3 programming layer <2022-01-21> (./book.cls
Document Class: book 2014/09/29 v1.4h Standard LaTeX document class
(/usr/share/texlive/texmf-dist/tex/latex/base/bk12.clo
File: bk12.clo 2021/10/04 v1.4n Standard LaTeX file (size option)
)
\c@part=\count185
\c@chapter=\count186
\c@section=\count187
\c@subsection=\count188
\c@subsubsection=\count189
\c@paragraph=\count190
\c@subparagraph=\count191
\c@figure=\count192
\c@table=\count193
\abovecaptionskip=\skip47
\belowcaptionskip=\skip48
\bibindent=\dimen138
) (./anuthesis.sty
Package: anuthesis 1996/11/04 v0.1 ANU Thesis Style (SB)

(/usr/share/texlive/texmf-dist/tex/latex/base/ifthen.sty
Package: ifthen 2020/11/24 v1.1c Standard LaTeX ifthen package (DPC)
)
(/usr/share/texlive/texmf-dist/tex/latex/base/latexsym.sty
Package: latexsym 1998/08/17 v2.2e Standard LaTeX package (lasy symbols)
\symlasy=\mathgroup4
LaTeX Font Info:    Overwriting symbol font `lasy' in version `bold'
(Font)                  U/lasy/m/n --> U/lasy/b/n on input line 52.
)
(/usr/share/texlive/texmf-dist/tex/latex/setspace/setspace.sty
Package: setspace 2011/12/19 v6.7a set line spacing
))
(/usr/share/texlive/texmf-dist/tex/latex/geometry/geometry.sty
Package: geometry 2020/01/02 v5.9 Page Geometry

(/usr/share/texlive/texmf-dist/tex/latex/graphics/keyval.sty
Package: keyval 2014/10/28 v1.15 key=value parser (DPC)
\KV@toks@=\toks16
)
(/usr/share/texlive/texmf-dist/tex/generic/iftex/ifvtex.sty
Package: ifvtex 2019/10/25 v1.7 ifvtex legacy package. Use iftex instead.

(/usr/share/texlive/texmf-dist/tex/generic/iftex/iftex.sty
Package: iftex 2020/03/06 v1.0d TeX engine tests
))
\Gm@cnth=\count194
\Gm@cntv=\count195
\c@Gm@tempcnt=\count196
\Gm@bindingoffset=\dimen139
\Gm@wd@mp=\dimen140
\Gm@odd@mp=\dimen141
\Gm@even@mp=\dimen142
\Gm@layoutwidth=\dimen143
\Gm@layoutheight=\dimen144
\Gm@layouthoffset=\dimen145
\Gm@layoutvoffset=\dimen146
\Gm@dimlist=\toks17
)
(/usr/share/texlive/texmf-dist/tex/latex/fancyhdr/fancyhdr.sty
Package: fancyhdr 2021/01/28 v4.0.1 Extensive control of page headers and foote
rs
\f@nch@headwidth=\skip49
\f@nch@O@elh=\skip50
\f@nch@O@erh=\skip51
\f@nch@O@olh=\skip52
\f@nch@O@orh=\skip53
\f@nch@O@elf=\skip54
\f@nch@O@erf=\skip55
\f@nch@O@olf=\skip56
\f@nch@O@orf=\skip57
)
(/usr/share/texlive/texmf-dist/tex/latex/graphics/graphicx.sty
Package: graphicx 2021/09/16 v1.2d Enhanced LaTeX Graphics (DPC,SPQR)

(/usr/share/texlive/texmf-dist/tex/latex/graphics/graphics.sty
Package: graphics 2021/03/04 v1.4d Standard LaTeX Graphics (DPC,SPQR)

(/usr/share/texlive/texmf-dist/tex/latex/graphics/trig.sty
Package: trig 2021/08/11 v1.11 sin cos tan (DPC)
)
(/usr/share/texlive/texmf-dist/tex/latex/graphics-cfg/graphics.cfg
File: graphics.cfg 2016/06/04 v1.11 sample graphics configuration
)
Package graphics Info: Driver file: pdftex.def on input line 107.

(/usr/share/texlive/texmf-dist/tex/latex/graphics-def/pdftex.def
File: pdftex.def 2020/10/05 v1.2a Graphics/color driver for pdftex
))
\Gin@req@height=\dimen147
\Gin@req@width=\dimen148
)
(/usr/share/texlive/texmf-dist/tex/latex/algorithms/algorithm.sty
Package: algorithm 2009/08/24 v0.1 Document Style `algorithm' - floating enviro
nment

(/usr/share/texlive/texmf-dist/tex/latex/float/float.sty
Package: float 2001/11/08 v1.3d Float enhancements (AL)
\c@float@type=\count197
\float@exts=\toks18
\float@box=\box50
\@float@everytoks=\toks19
\@floatcapt=\box51
)
\@float@every@algorithm=\toks20
\c@algorithm=\count198
)
(/usr/share/texlive/texmf-dist/tex/latex/algorithmicx/algpseudocode.sty
Package: algpseudocode 

(/usr/share/texlive/texmf-dist/tex/latex/algorithmicx/algorithmicx.sty
Package: algorithmicx 2005/04/27 v1.2 Algorithmicx

Document Style algorithmicx 1.2 - a greatly improved `algorithmic' style
\c@ALG@line=\count199
\c@ALG@rem=\count266
\c@ALG@nested=\count267
\ALG@tlm=\skip58
\ALG@thistlm=\skip59
\c@ALG@Lnr=\count268
\c@ALG@blocknr=\count269
\c@ALG@storecount=\count270
\c@ALG@tmpcounter=\count271
\ALG@tmplength=\skip60
)
Document Style - pseudocode environments for use with the `algorithmicx' style
) (/usr/share/texlive/texmf-dist/tex/latex/multirow/multirow.sty
Package: multirow 2021/03/15 v2.8 Span multiple rows of a table
\multirow@colwidth=\skip61
\multirow@cntb=\count272
\multirow@dima=\skip62
\bigstrutjot=\dimen149
)
(/usr/share/texlive/texmf-dist/tex/latex/tools/tabularx.sty
Package: tabularx 2020/01/15 v2.11c `tabularx' package (DPC)

(/usr/share/texlive/texmf-dist/tex/latex/tools/array.sty
Package: array 2021/10/04 v2.5f Tabular extension package (FMi)
\col@sep=\dimen150
\ar@mcellbox=\box52
\extrarowheight=\dimen151
\NC@list=\toks21
\extratabsurround=\skip63
\backup@length=\skip64
\ar@cellbox=\box53
)
\TX@col@width=\dimen152
\TX@old@table=\dimen153
\TX@old@col=\dimen154
\TX@target=\dimen155
\TX@delta=\dimen156
\TX@cols=\count273
\TX@ftn=\toks22
)
(/usr/share/texlive/texmf-dist/tex/latex/amsmath/amsmath.sty
Package: amsmath 2021/10/15 v2.17l AMS math features
\@mathmargin=\skip65

For additional information on amsmath, use the `?' option.
(/usr/share/texlive/texmf-dist/tex/latex/amsmath/amstext.sty
Package: amstext 2021/08/26 v2.01 AMS text

(/usr/share/texlive/texmf-dist/tex/latex/amsmath/amsgen.sty
File: amsgen.sty 1999/11/30 v2.0 generic functions
\@emptytoks=\toks23
\ex@=\dimen157
))
(/usr/share/texlive/texmf-dist/tex/latex/amsmath/amsbsy.sty
Package: amsbsy 1999/11/29 v1.2d Bold Symbols
\pmbraise@=\dimen158
)
(/usr/share/texlive/texmf-dist/tex/latex/amsmath/amsopn.sty
Package: amsopn 2021/08/26 v2.02 operator names
)
\inf@bad=\count274
LaTeX Info: Redefining \frac on input line 234.
\uproot@=\count275
\leftroot@=\count276
LaTeX Info: Redefining \overline on input line 399.
\classnum@=\count277
\DOTSCASE@=\count278
LaTeX Info: Redefining \ldots on input line 496.
LaTeX Info: Redefining \dots on input line 499.
LaTeX Info: Redefining \cdots on input line 620.
\Mathstrutbox@=\box54
\strutbox@=\box55
\big@size=\dimen159
LaTeX Font Info:    Redeclaring font encoding OML on input line 743.
LaTeX Font Info:    Redeclaring font encoding OMS on input line 744.
\macc@depth=\count279
\c@MaxMatrixCols=\count280
\dotsspace@=\muskip16
\c@parentequation=\count281
\dspbrk@lvl=\count282
\tag@help=\toks24
\row@=\count283
\column@=\count284
\maxfields@=\count285
\andhelp@=\toks25
\eqnshift@=\dimen160
\alignsep@=\dimen161
\tagshift@=\dimen162
\tagwidth@=\dimen163
\totwidth@=\dimen164
\lineht@=\dimen165
\@envbody=\toks26
\multlinegap=\skip66
\multlinetaggap=\skip67
\mathdisplay@stack=\toks27
LaTeX Info: Redefining \[ on input line 2938.
LaTeX Info: Redefining \] on input line 2939.
)
(/usr/share/texlive/texmf-dist/tex/latex/amsfonts/amssymb.sty
Package: amssymb 2013/01/14 v3.01 AMS font symbols

(/usr/share/texlive/texmf-dist/tex/latex/amsfonts/amsfonts.sty
Package: amsfonts 2013/01/14 v3.01 Basic AMSFonts support
\symAMSa=\mathgroup5
\symAMSb=\mathgroup6
LaTeX Font Info:    Redeclaring math symbol \hbar on input line 98.
LaTeX Font Info:    Overwriting math alphabet `\mathfrak' in version `bold'
(Font)                  U/euf/m/n --> U/euf/b/n on input line 106.
))
(/usr/share/texlive/texmf-dist/tex/latex/amsmath/amscd.sty
Package: amscd 2017/04/14 v2.1 AMS Commutative Diagrams
\athelp@=\toks28
\minaw@=\dimen166
\bigaw@=\dimen167
\minCDarrowwidth=\dimen168
)
(/usr/share/texlive/texmf-dist/tex/latex/physics/physics.sty
Package: physics 

(/usr/share/texlive/texmf-dist/tex/latex/l3packages/xparse/xparse.sty
(/usr/share/texlive/texmf-dist/tex/latex/l3kernel/expl3.sty
Package: expl3 2022-01-21 L3 programming layer (loader) 

(/usr/share/texlive/texmf-dist/tex/latex/l3backend/l3backend-pdftex.def
File: l3backend-pdftex.def 2022-01-12 L3 backend support: PDF output (pdfTeX)
\l__color_backend_stack_int=\count286
\l__pdf_internal_box=\box56
))
Package: xparse 2022-01-12 L3 Experimental document command parser
))
(/usr/share/texlive/texmf-dist/tex/latex/graphics/rotating.sty
Package: rotating 2016/08/11 v2.16d rotated objects in LaTeX
\c@r@tfl@t=\count287
\rotFPtop=\skip68
\rotFPbot=\skip69
\rot@float@box=\box57
\rot@mess@toks=\toks29
)
(/usr/share/texlive/texmf-dist/tex/latex/tools/longtable.sty
Package: longtable 2021-09-01 v4.17 Multi-page Table package (DPC)
\LTleft=\skip70
\LTright=\skip71
\LTpre=\skip72
\LTpost=\skip73
\LTchunksize=\count288
\LTcapwidth=\dimen169
\LT@head=\box58
\LT@firsthead=\box59
\LT@foot=\box60
\LT@lastfoot=\box61
\LT@gbox=\box62
\LT@cols=\count289
\LT@rows=\count290
\c@LT@tables=\count291
\c@LT@chunks=\count292
\LT@p@ftn=\toks30
)
(/usr/share/texlive/texmf-dist/tex/latex/appendix/appendix.sty
Package: appendix 2020/02/08 v1.2c extra appendix facilities
\c@@pps=\count293
\c@@ppsavesec=\count294
\c@@ppsaveapp=\count295
)
(/usr/share/texlive/texmf-dist/tex/latex/parskip/parskip.sty
Package: parskip 2021-03-14 v2.0h non-zero parskip adjustments

(/usr/share/texlive/texmf-dist/tex/latex/kvoptions/kvoptions.sty
Package: kvoptions 2020-10-07 v3.14 Key value format for package options (HO)

(/usr/share/texlive/texmf-dist/tex/generic/ltxcmds/ltxcmds.sty
Package: ltxcmds 2020-05-10 v1.25 LaTeX kernel commands for general use (HO)
)
(/usr/share/texlive/texmf-dist/tex/generic/kvsetkeys/kvsetkeys.sty
Package: kvsetkeys 2019/12/15 v1.18 Key value parser (HO)
))
(/usr/share/texlive/texmf-dist/tex/latex/etoolbox/etoolbox.sty
Package: etoolbox 2020/10/05 v2.5k e-TeX tools for LaTeX (JAW)
\etb@tempcnta=\count296
))
(/usr/share/texlive/texmf-dist/tex/latex/base/textcomp.sty
Package: textcomp 2020/02/02 v2.0n Standard LaTeX package
)
(/usr/share/texlive/texmf-dist/tex/latex/changepage/changepage.sty
Package: changepage 2009/10/20 v1.0c check page and change page layout
\c@cp@cntr=\count297
\cp@tempcnt=\count298
)
(/usr/share/texlive/texmf-dist/tex/latex/hyperref/hyperref.sty
Package: hyperref 2021-06-07 v7.00m Hypertext links for LaTeX

(/usr/share/texlive/texmf-dist/tex/generic/pdftexcmds/pdftexcmds.sty
Package: pdftexcmds 2020-06-27 v0.33 Utility functions of pdfTeX for LuaTeX (HO
)

(/usr/share/texlive/texmf-dist/tex/generic/infwarerr/infwarerr.sty
Package: infwarerr 2019/12/03 v1.5 Providing info/warning/error messages (HO)
)
Package pdftexcmds Info: \pdf@primitive is available.
Package pdftexcmds Info: \pdf@ifprimitive is available.
Package pdftexcmds Info: \pdfdraftmode found.
)
(/usr/share/texlive/texmf-dist/tex/generic/kvdefinekeys/kvdefinekeys.sty
Package: kvdefinekeys 2019-12-19 v1.6 Define keys (HO)
)
(/usr/share/texlive/texmf-dist/tex/generic/pdfescape/pdfescape.sty
Package: pdfescape 2019/12/09 v1.15 Implements pdfTeX's escape features (HO)
)
(/usr/share/texlive/texmf-dist/tex/latex/hycolor/hycolor.sty
Package: hycolor 2020-01-27 v1.10 Color options for hyperref/bookmark (HO)
)
(/usr/share/texlive/texmf-dist/tex/latex/letltxmacro/letltxmacro.sty
Package: letltxmacro 2019/12/03 v1.6 Let assignment for LaTeX macros (HO)
)
(/usr/share/texlive/texmf-dist/tex/latex/auxhook/auxhook.sty
Package: auxhook 2019-12-17 v1.6 Hooks for auxiliary files (HO)
)
\@linkdim=\dimen170
\Hy@linkcounter=\count299
\Hy@pagecounter=\count300

(/usr/share/texlive/texmf-dist/tex/latex/hyperref/pd1enc.def
File: pd1enc.def 2021-06-07 v7.00m Hyperref: PDFDocEncoding definition (HO)
Now handling font encoding PD1 ...
... no UTF-8 mapping file for font encoding PD1
)
(/usr/share/texlive/texmf-dist/tex/latex/hyperref/hyperref-langpatches.def
File: hyperref-langpatches.def 2021-06-07 v7.00m Hyperref: patches for babel la
nguages
)
(/usr/share/texlive/texmf-dist/tex/generic/intcalc/intcalc.sty
Package: intcalc 2019/12/15 v1.3 Expandable calculations with integers (HO)
)
(/usr/share/texlive/texmf-dist/tex/generic/etexcmds/etexcmds.sty
Package: etexcmds 2019/12/15 v1.7 Avoid name clashes with e-TeX commands (HO)
)
\Hy@SavedSpaceFactor=\count301

(/usr/share/texlive/texmf-dist/tex/latex/hyperref/puenc.def
File: puenc.def 2021-06-07 v7.00m Hyperref: PDF Unicode definition (HO)
Now handling font encoding PU ...
... no UTF-8 mapping file for font encoding PU
)
Package hyperref Info: Option `colorlinks' set `true' on input line 4073.
Package hyperref Info: Option `breaklinks' set `true' on input line 4073.
Package hyperref Info: Hyper figures OFF on input line 4192.
Package hyperref Info: Link nesting OFF on input line 4197.
Package hyperref Info: Hyper index ON on input line 4200.
Package hyperref Info: Plain pages OFF on input line 4207.
Package hyperref Info: Backreferencing OFF on input line 4212.
Package hyperref Info: Implicit mode ON; LaTeX internals redefined.
Package hyperref Info: Bookmarks ON on input line 4445.
\c@Hy@tempcnt=\count302

(/usr/share/texlive/texmf-dist/tex/latex/url/url.sty
\Urlmuskip=\muskip17
Package: url 2013/09/16  ver 3.4  Verb mode for urls, etc.
)
LaTeX Info: Redefining \url on input line 4804.
\XeTeXLinkMargin=\dimen171

(/usr/share/texlive/texmf-dist/tex/generic/bitset/bitset.sty
Package: bitset 2019/12/09 v1.3 Handle bit-vector datatype (HO)

(/usr/share/texlive/texmf-dist/tex/generic/bigintcalc/bigintcalc.sty
Package: bigintcalc 2019/12/15 v1.5 Expandable calculations on big integers (HO
)
))
\Fld@menulength=\count303
\Field@Width=\dimen172
\Fld@charsize=\dimen173
Package hyperref Info: Hyper figures OFF on input line 6076.
Package hyperref Info: Link nesting OFF on input line 6081.
Package hyperref Info: Hyper index ON on input line 6084.
Package hyperref Info: backreferencing OFF on input line 6091.
Package hyperref Info: Link coloring ON on input line 6094.
Package hyperref Info: Link coloring with OCG OFF on input line 6101.
Package hyperref Info: PDF/A mode OFF on input line 6106.
LaTeX Info: Redefining \ref on input line 6146.
LaTeX Info: Redefining \pageref on input line 6150.

(/usr/share/texlive/texmf-dist/tex/latex/base/atbegshi-ltx.sty
Package: atbegshi-ltx 2021/01/10 v1.0c Emulation of the original atbegshi
package with kernel methods
)
\Hy@abspage=\count304
\c@Item=\count305
\c@Hfootnote=\count306
)
Package hyperref Info: Driver (autodetected): hpdftex.

(/usr/share/texlive/texmf-dist/tex/latex/hyperref/hpdftex.def
File: hpdftex.def 2021-06-07 v7.00m Hyperref driver for pdfTeX

(/usr/share/texlive/texmf-dist/tex/latex/base/atveryend-ltx.sty
Package: atveryend-ltx 2020/08/19 v1.0a Emulation of the original atveryend pac
kage
with kernel methods
)
\Fld@listcount=\count307
\c@bookmark@seq@number=\count308

(/usr/share/texlive/texmf-dist/tex/latex/rerunfilecheck/rerunfilecheck.sty
Package: rerunfilecheck 2019/12/05 v1.9 Rerun checks for auxiliary files (HO)

(/usr/share/texlive/texmf-dist/tex/generic/uniquecounter/uniquecounter.sty
Package: uniquecounter 2019/12/15 v1.4 Provide unlimited unique counter (HO)
)
Package uniquecounter Info: New unique counter `rerunfilecheck' on input line 2
86.
)
\Hy@SectionHShift=\skip74
)
(/usr/share/texlive/texmf-dist/tex/latex/natbib/natbib.sty
Package: natbib 2010/09/13 8.31b (PWD, AO)
\bibhang=\skip75
\bibsep=\skip76
LaTeX Info: Redefining \cite on input line 694.
\c@NAT@ctr=\count309
)
(/usr/share/texlive/texmf-dist/tex/latex/threeparttable/threeparttable.sty
Package: threeparttable 2003/06/13  v 3.0
\@tempboxb=\box63
)
(/usr/share/texlive/texmf-dist/tex/latex/threeparttablex/threeparttablex.sty
Package: threeparttablex 2013/07/23 v0.3 by daleif

(/usr/share/texlive/texmf-dist/tex/latex/environ/environ.sty
Package: environ 2014/05/04 v0.3 A new way to define environments

(/usr/share/texlive/texmf-dist/tex/latex/trimspaces/trimspaces.sty
Package: trimspaces 2009/09/17 v1.1 Trim spaces around a token list
))
\TPTL@width=\skip77
)
(/usr/share/texlive/texmf-dist/tex/latex/bbding/bbding.sty
Package: bbding 1999/04/15 v1.01 Dingbats symbols
)
(/usr/share/texlive/texmf-dist/tex/latex/cleveref/cleveref.sty
Package: cleveref 2018/03/27 v0.21.4 Intelligent cross-referencing
Package cleveref Info: `hyperref' support loaded on input line 2370.
LaTeX Info: Redefining \cref on input line 2370.
LaTeX Info: Redefining \Cref on input line 2370.
LaTeX Info: Redefining \crefrange on input line 2370.
LaTeX Info: Redefining \Crefrange on input line 2370.
LaTeX Info: Redefining \cpageref on input line 2370.
LaTeX Info: Redefining \Cpageref on input line 2370.
LaTeX Info: Redefining \cpagerefrange on input line 2370.
LaTeX Info: Redefining \Cpagerefrange on input line 2370.
LaTeX Info: Redefining \labelcref on input line 2370.
LaTeX Info: Redefining \labelcpageref on input line 2370.
Package cleveref Info: `algorithmicx' support loaded on input line 3120.
)
(/usr/share/texlive/texmf-dist/tex/latex/sidecap/sidecap.sty
Package: sidecap 2003/06/06 v1.6f SideCap Package (RN/HjG)
\SC@BOXWD=\dimen174
\SC@CAPWD=\dimen175
\SC@tempdima=\dimen176
\SC@tempdimb=\dimen177
\c@SC@C=\count310
\SC@BOX=\box64
)
(/usr/share/texlive/texmf-dist/tex/latex/graphics/color.sty
Package: color 2021/12/07 v1.3c Standard LaTeX Color (DPC)

(/usr/share/texlive/texmf-dist/tex/latex/graphics-cfg/color.cfg
File: color.cfg 2016/01/02 v1.6 sample color configuration
)
Package color Info: Driver file: pdftex.def on input line 149.
)
(/usr/share/texlive/texmf-dist/tex/generic/ulem/ulem.sty
\UL@box=\box65
\UL@hyphenbox=\box66
\UL@skip=\skip78
\UL@hook=\toks31
\UL@height=\dimen178
\UL@pe=\count311
\UL@pixel=\dimen179
\ULC@box=\box67
Package: ulem 2019/11/18
\ULdepth=\dimen180
)
(/usr/share/texlive/texmf-dist/tex/latex/xcolor/xcolor.sty
Package: xcolor 2021/10/31 v2.13 LaTeX color extensions (UK)

(/usr/share/texlive/texmf-dist/tex/latex/graphics-cfg/color.cfg
File: color.cfg 2016/01/02 v1.6 sample color configuration
)
Package xcolor Info: Driver file: pdftex.def on input line 227.
LaTeX Info: Redefining \color on input line 711.
Package xcolor Info: Model `cmy' substituted by `cmy0' on input line 1352.
Package xcolor Info: Model `hsb' substituted by `rgb' on input line 1356.
Package xcolor Info: Model `RGB' extended on input line 1368.
Package xcolor Info: Model `HTML' substituted by `rgb' on input line 1370.
Package xcolor Info: Model `Hsb' substituted by `hsb' on input line 1371.
Package xcolor Info: Model `tHsb' substituted by `hsb' on input line 1372.
Package xcolor Info: Model `HSB' substituted by `hsb' on input line 1373.
Package xcolor Info: Model `Gray' substituted by `gray' on input line 1374.
Package xcolor Info: Model `wave' substituted by `hsb' on input line 1375.

(/usr/share/texlive/texmf-dist/tex/latex/graphics/dvipsnam.def
File: dvipsnam.def 2016/06/17 v3.0m Driver-dependent file (DPC,SPQR)
))
(/usr/share/texlive/texmf-dist/tex/latex/listings/listings.sty
\lst@mode=\count312
\lst@gtempboxa=\box68
\lst@token=\toks32
\lst@length=\count313
\lst@currlwidth=\dimen181
\lst@column=\count314
\lst@pos=\count315
\lst@lostspace=\dimen182
\lst@width=\dimen183
\lst@newlines=\count316
\lst@lineno=\count317
\lst@maxwidth=\dimen184

(/usr/share/texlive/texmf-dist/tex/latex/listings/lstmisc.sty
File: lstmisc.sty 2020/03/24 1.8d (Carsten Heinz)
\c@lstnumber=\count318
\lst@skipnumbers=\count319
\lst@framebox=\box69
)
(/usr/share/texlive/texmf-dist/tex/latex/listings/listings.cfg
File: listings.cfg 2020/03/24 1.8d listings configuration
))
Package: listings 2020/03/24 1.8d (Carsten Heinz)

(/usr/share/texlive/texmf-dist/tex/latex/tools/multicol.sty
Package: multicol 2021/10/28 v1.9b multicolumn formatting (FMi)
\c@tracingmulticols=\count320
\mult@box=\box70
\multicol@leftmargin=\dimen185
\c@unbalance=\count321
\c@collectmore=\count322
\doublecol@number=\count323
\multicoltolerance=\count324
\multicolpretolerance=\count325
\full@width=\dimen186
\page@free=\dimen187
\premulticols=\dimen188
\postmulticols=\dimen189
\multicolsep=\skip79
\multicolbaselineskip=\skip80
\partial@page=\box71
\last@line=\box72
\maxbalancingoverflow=\dimen190
\mult@rightbox=\box73
\mult@grightbox=\box74
\mult@firstbox=\box75
\mult@gfirstbox=\box76
\@tempa=\box77
\@tempa=\box78
\@tempa=\box79
\@tempa=\box80
\@tempa=\box81
\@tempa=\box82
\@tempa=\box83
\@tempa=\box84
\@tempa=\box85
\@tempa=\box86
\@tempa=\box87
\@tempa=\box88
\@tempa=\box89
\@tempa=\box90
\@tempa=\box91
\@tempa=\box92
\@tempa=\box93
\@tempa=\box94
\@tempa=\box95
\@tempa=\box96
\@tempa=\box97
\@tempa=\box98
\@tempa=\box99
\@tempa=\box100
\@tempa=\box101
\@tempa=\box102
\@tempa=\box103
\@tempa=\box104
\@tempa=\box105
\@tempa=\box106
\@tempa=\box107
\@tempa=\box108
\@tempa=\box109
\@tempa=\box110
\@tempa=\box111
\@tempa=\box112
\c@minrows=\count326
\c@columnbadness=\count327
\c@finalcolumnbadness=\count328
\last@try=\dimen191
\multicolovershoot=\dimen192
\multicolundershoot=\dimen193
\mult@nat@firstbox=\box113
\colbreak@box=\box114
\mc@col@check@num=\count329
)
(/usr/share/texlive/texmf-dist/tex/latex/tools/bm.sty
Package: bm 2021/04/25 v1.2e Bold Symbol Support (DPC/FMi)
\symboldoperators=\mathgroup7
\symboldletters=\mathgroup8
\symboldsymbols=\mathgroup9
Package bm Info: No bold for \OMX/cmex/m/n, using \pmb.
\symboldlasy=\mathgroup10
Package bm Info: No bold for \U/msa/m/n, using \pmb.
Package bm Info: No bold for \U/msb/m/n, using \pmb.
LaTeX Font Info:    Redeclaring math alphabet \mathbf on input line 149.
)
(/usr/share/texlive/texmf-dist/tex/latex/booktabs/booktabs.sty
Package: booktabs 2020/01/12 v1.61803398 Publication quality tables
\heavyrulewidth=\dimen194
\lightrulewidth=\dimen195
\cmidrulewidth=\dimen196
\belowrulesep=\dimen197
\belowbottomsep=\dimen198
\aboverulesep=\dimen199
\abovetopsep=\dimen256
\cmidrulesep=\dimen257
\cmidrulekern=\dimen258
\defaultaddspace=\dimen259
\@cmidla=\count330
\@cmidlb=\count331
\@aboverulesep=\dimen260
\@belowrulesep=\dimen261
\@thisruleclass=\count332
\@lastruleclass=\count333
\@thisrulewidth=\dimen262
)
(/usr/share/texlive/texmf-dist/tex/generic/iftex/ifpdf.sty
Package: ifpdf 2019/10/25 v3.4 ifpdf legacy package. Use iftex instead.
)
(/usr/share/texlive/texmf-dist/tex/latex/pdflscape/pdflscape.sty
Package: pdflscape 2019/12/05 v0.12 Display of landscape pages in PDF (HO)

(/usr/share/texlive/texmf-dist/tex/latex/graphics/lscape.sty
Package: lscape 2020/05/28 v3.02 Landscape Pages (DPC)
)
Package pdflscape Info: Auto-detected driver: pdftex on input line 81.
)
(/usr/share/texlive/texmf-dist/tex/latex/epigraph/epigraph.sty
Package: epigraph 2020/01/02 v1.5e typesetting epigraphs

(/usr/share/texlive/texmf-dist/tex/latex/nextpage/nextpage.sty
Package: nextpage 2009/09/03 v1.1a additional page commands
)
\beforeepigraphskip=\skip81
\afterepigraphskip=\skip82
\epigraphwidth=\skip83
\epigraphrule=\skip84
) (./thesis.aux
(./dedication.aux) (./disclaimer.aux) (./acknowledgements.aux) (./abstract.aux)
(./introduction/introduction.aux) (./background/background.aux)
(./motion_estimation/motion_estimation.aux)
(./problem_formulation/problem_formulation.aux)
(./cancellation/cancellation.aux) (./experimental_setup/experimental_setup.aux)
(./results/results.aux) (./metrics_analysis/metrics_analysis.aux)
(./discussion/discussion.aux) (./conclusions/conclusions.aux))
\openout1 = `thesis.aux'.

LaTeX Font Info:    Checking defaults for OML/cmm/m/it on input line 87.
LaTeX Font Info:    ... okay on input line 87.
LaTeX Font Info:    Checking defaults for OMS/cmsy/m/n on input line 87.
LaTeX Font Info:    ... okay on input line 87.
LaTeX Font Info:    Checking defaults for OT1/cmr/m/n on input line 87.
LaTeX Font Info:    ... okay on input line 87.
LaTeX Font Info:    Checking defaults for T1/cmr/m/n on input line 87.
LaTeX Font Info:    ... okay on input line 87.
LaTeX Font Info:    Checking defaults for TS1/cmr/m/n on input line 87.
LaTeX Font Info:    ... okay on input line 87.
LaTeX Font Info:    Checking defaults for OMX/cmex/m/n on input line 87.
LaTeX Font Info:    ... okay on input line 87.
LaTeX Font Info:    Checking defaults for U/cmr/m/n on input line 87.
LaTeX Font Info:    ... okay on input line 87.
LaTeX Font Info:    Checking defaults for PD1/pdf/m/n on input line 87.
LaTeX Font Info:    ... okay on input line 87.
LaTeX Font Info:    Checking defaults for PU/pdf/m/n on input line 87.
LaTeX Font Info:    ... okay on input line 87.

*geometry* driver: auto-detecting
*geometry* detected driver: pdftex
*geometry* verbose mode - [ preamble ] result:
* driver: pdftex
* paper: a4paper
* layout: <same size as paper>
* layoutoffset:(h,v)=(0.0pt,0.0pt)
* modes: twoside 
* h-part:(L,W,R)=(85.35826pt, 455.24411pt, 56.9055pt)
* v-part:(T,H,B)=(56.9055pt, 731.23584pt, 56.9055pt)
* \paperwidth=597.50787pt
* \paperheight=845.04684pt
* \textwidth=455.24411pt
* \textheight=731.23584pt
* \oddsidemargin=13.08827pt
* \evensidemargin=-15.36449pt
* \topmargin=-65.36449pt
* \headheight=30.0pt
* \headsep=20.0pt
* \topskip=12.0pt
* \footskip=30.0pt
* \marginparwidth=71.13188pt
* \marginparsep=7.0pt
* \columnsep=10.0pt
* \skip\footins=10.8pt plus 4.0pt minus 2.0pt
* \hoffset=0.0pt
* \voffset=0.0pt
* \mag=1000
* \@twocolumnfalse
* \@twosidetrue
* \@mparswitchtrue
* \@reversemargintrue
* (1in=72.27pt=25.4mm, 1cm=28.453pt)

(/usr/share/texlive/texmf-dist/tex/context/base/mkii/supp-pdf.mkii
[Loading MPS to PDF converter (version 2006.09.02).]
\scratchcounter=\count334
\scratchdimen=\dimen263
\scratchbox=\box115
\nofMPsegments=\count335
\nofMParguments=\count336
\everyMPshowfont=\toks33
\MPscratchCnt=\count337
\MPscratchDim=\dimen264
\MPnumerator=\count338
\makeMPintoPDFobject=\count339
\everyMPtoPDFconversion=\toks34
) (/usr/share/texlive/texmf-dist/tex/latex/epstopdf-pkg/epstopdf-base.sty
Package: epstopdf-base 2020-01-24 v2.11 Base part for package epstopdf
Package epstopdf-base Info: Redefining graphics rule for `.eps' on input line 4
85.

(/usr/share/texlive/texmf-dist/tex/latex/latexconfig/epstopdf-sys.cfg
File: epstopdf-sys.cfg 2010/07/13 v1.3 Configuration of (r)epstopdf for TeX Liv
e
))
Package hyperref Info: Link coloring ON on input line 87.

(/usr/share/texlive/texmf-dist/tex/latex/hyperref/nameref.sty
Package: nameref 2021-04-02 v2.47 Cross-referencing by name of section

(/usr/share/texlive/texmf-dist/tex/latex/refcount/refcount.sty
Package: refcount 2019/12/15 v3.6 Data extraction from label references (HO)
)
(/usr/share/texlive/texmf-dist/tex/generic/gettitlestring/gettitlestring.sty
Package: gettitlestring 2019/12/15 v1.6 Cleanup title references (HO)
)
\c@section@level=\count340
)
LaTeX Info: Redefining \ref on input line 87.
LaTeX Info: Redefining \pageref on input line 87.
LaTeX Info: Redefining \nameref on input line 87.

(./thesis.out) (./thesis.out)
\@outlinefile=\write3
\openout3 = `thesis.out'.


(/usr/share/texlive/texmf-dist/tex/latex/ragged2e/ragged2e.sty
Package: ragged2e 2021/12/15 v3.1 ragged2e Package
\CenteringLeftskip=\skip85
\RaggedLeftLeftskip=\skip86
\RaggedRightLeftskip=\skip87
\CenteringRightskip=\skip88
\RaggedLeftRightskip=\skip89
\RaggedRightRightskip=\skip90
\CenteringParfillskip=\skip91
\RaggedLeftParfillskip=\skip92
\RaggedRightParfillskip=\skip93
\JustifyingParfillskip=\skip94
\CenteringParindent=\skip95
\RaggedLeftParindent=\skip96
\RaggedRightParindent=\skip97
\JustifyingParindent=\skip98
)
\c@lstlisting=\count341


LaTeX Font Warning: Font shape `OT1/cmr/m/n' in size <20> not available
(Font)              size <20.74> substituted on input line 95.

<..//anu-logo-colour.pdf, id=317, 161.60374pt x 56.21pt>
File: ..//anu-logo-colour.pdf Graphic file (type pdf)
<use ..//anu-logo-colour.pdf>
Package pdftex.def Info: ..//anu-logo-colour.pdf  used on input line 107.
(pdftex.def)             Requested size: 182.09486pt x 63.34071pt.
[1


{/var/lib/texmf/fonts/map/pdftex/updmap/pdftex.map} <..//anu-logo-colour.pdf>]
\openout2 = `dedication.aux'.

 (./dedication.tex
LaTeX Font Info:    Trying to load font information for OT1+qzc on input line 3
.
 (/usr/share/texmf/tex/latex/tex-gyre/ot1qzc.fd
File: ot1qzc.fd 2009/09/25 v1.2 font definition file for OT1/qzc
)

LaTeX Font Warning: Font shape `OT1/qzc/m/n' in size <14.4> not available
(Font)              Font shape `OT1/qzc/m/it' tried instead on input line 3.

) [2]
\openout2 = `disclaimer.aux'.

 (./disclaimer.tex
<signature.pdf, id=335, 884.30376pt x 435.6275pt>
File: signature.pdf Graphic file (type pdf)
<use signature.pdf>
Package pdftex.def Info: signature.pdf  used on input line 9.
(pdftex.def)             Requested size: 91.04742pt x 44.84819pt.
)pdfTeX warning (ext4): destination with the same identifier (name{page.i}) has
 been already used, duplicate ignored
<to be read again> 
                   \relax 
l.125 \include{disclaimer}
                           [1





 <./signature.pdf>]
\openout2 = `acknowledgements.aux'.

 (./acknowledgements.tex)pdfTeX warning (ext4): destination with the same ident
ifier (name{page.ii}) has been already used, duplicate ignored
<to be read again> 
                   \relax 
l.126 \include{acknowledgements}
                                 [2



]
\openout2 = `abstract.aux'.

 (./abstract.tex) [3




] (./thesis.toc
LaTeX Font Info:    Trying to load font information for U+lasy on input line 1.


(/usr/share/texlive/texmf-dist/tex/latex/base/ulasy.fd
File: ulasy.fd 1998/08/17 v2.2e LaTeX symbol font definitions
)
LaTeX Font Info:    Trying to load font information for U+msa on input line 1.

(/usr/share/texlive/texmf-dist/tex/latex/amsfonts/umsa.fd
File: umsa.fd 2013/01/14 v3.01 AMS symbols A
)
LaTeX Font Info:    Trying to load font information for U+msb on input line 1.

(/usr/share/texlive/texmf-dist/tex/latex/amsfonts/umsb.fd
File: umsb.fd 2013/01/14 v3.01 AMS symbols B
)
LaTeX Font Info:    Font shape `U/lasy/b/n' in size <8> not available
(Font)              Font shape `U/lasy/m/n' tried instead on input line 1.
LaTeX Font Info:    Font shape `U/lasy/b/n' in size <6> not available
(Font)              Font shape `U/lasy/m/n' tried instead on input line 1.
 [4



]
Underfull \vbox (badness 1292) has occurred while \output is active []

 [5])
\tf@toc=\write4
\openout4 = `thesis.toc'.


[6] (./thesis.lof
Underfull \vbox (badness 10000) has occurred while \output is active []

 [7

]
Overfull \hbox (12.4011pt too wide) in paragraph at lines 15--15
 \OT1/cmr/m/n/12 val-ues across all pa-ram-e-ter com-bi-na-tions, show-ing most
 con-fig-u-ra-tions achieve 
 []

)
\tf@lof=\write5
\openout5 = `thesis.lof'.

 [8] (./thesis.lot)
\tf@lot=\write6
\openout6 = `thesis.lot'.

 [9

] [10

]
\openout2 = `introduction/introduction.aux'.

 (./introduction/introduction.tex
Chapter 1.
[1


]
Overfull \hbox (21.28362pt too wide) in paragraph at lines 20--20
[]\OT1/cmr/bx/n/17.28 Background: Event Cam-eras and Ego-Motion Com-
 []

[2]
Overfull \hbox (3.84653pt too wide) in paragraph at lines 35--36
\OT1/cmr/m/n/12 we study ego-motion can-cel-la-tion in a con-trolled \OT1/cmr/b
x/n/12 circular-motion \OT1/cmr/m/n/12 set-ting us-ing a spinning-
 []

[3] [4] [5]
Overfull \hbox (8.44258pt too wide) in paragraph at lines 90--91
[]\OT1/cmr/m/n/12 Estimation of $(\OML/cmm/m/it/12 c[]; c[]; !\OT1/cmr/m/n/12 )
$ from events
 []


Overfull \hbox (0.7931pt too wide) in paragraph at lines 92--93
[]\OT1/cmr/m/n/12 Experimental de-sign and re-sults
 []


Overfull \hbox (7.40936pt too wide) in paragraph at lines 96--97
[]\OT1/cmr/m/n/12 Summary of find-ings and con-tri-bu-tions;
 []

) [6]
\openout2 = `background/background.aux'.

 (./background/background.tex
Chapter 2.
[7




] [8]
LaTeX Font Info:    Font shape `U/lasy/b/n' in size <7> not available
(Font)              Font shape `U/lasy/m/n' tried instead on input line 25.
LaTeX Font Info:    Font shape `U/lasy/b/n' in size <5> not available
(Font)              Font shape `U/lasy/m/n' tried instead on input line 25.
 [9]
Overfull \hbox (13.87697pt too wide) in paragraph at lines 40--40
[]\OT1/cmr/bx/n/14.4 Global mo-tion com-pen-sa-tion and con-trast max-i-miza-ti
on 
 []


Underfull \vbox (badness 10000) has occurred while \output is active []

 [10]
Underfull \vbox (badness 3029) has occurred while \output is active []

 [11]
[12]
Underfull \vbox (badness 2591) has occurred while \output is active []

 [13]
[14]) [15]
\openout2 = `motion_estimation/motion_estimation.aux'.

 (./motion_estimation/motion_estimation.tex
Chapter 3.
[16




] [17] [18]
Overfull \hbox (0.22786pt too wide) in paragraph at lines 80--81
\OT1/cmr/m/n/12 We adopt a prag-matic pipeline tai-lored to the disc rig and as
yn-chronous can-cel-la-tion: 
 []

[19]) [20]
\openout2 = `problem_formulation/problem_formulation.aux'.

 (./problem_formulation/problem_formulation.tex
Chapter 4.
[21




] [22]
Underfull \vbox (badness 5519) has occurred while \output is active []

 [23]
[24]
Overfull \hbox (31.17361pt too wide) in paragraph at lines 132--132
[]\OT1/cmr/bx/n/17.28 Cancellation Im-ple-men-ta-tion and Rep-re-sen-ta-tion 
 []

[25]) [26]
\openout2 = `cancellation/cancellation.aux'.

 (./cancellation/cancellation.tex
Chapter 5.
[27




] [28]
Overfull \hbox (1.63664pt too wide) in paragraph at lines 66--67
 []\OT1/cmr/bx/n/12 Mutual near-est neigh-bors (MNN).[] \OT1/cmr/m/n/12 To pre-
vent many-to-one matches in dense bursts,
 []


Underfull \vbox (badness 1902) has occurred while \output is active []

 [29]
Package hyperref Info: bookmark level for unknown algorithm defaults to 0 on in
put line 103.

Underfull \vbox (badness 10000) has occurred while \output is active []

 [30]
[31]) [32]
\openout2 = `experimental_setup/experimental_setup.aux'.

 (./experimental_setup/experimental_setup.tex
Chapter 6.
[33




] [34]
<images/setup_2.jpeg, id=1406, 1606.0pt x 1204.5pt>
File: images/setup_2.jpeg Graphic file (type jpg)
<use images/setup_2.jpeg>
Package pdftex.def Info: images/setup_2.jpeg  used on input line 49.
(pdftex.def)             Requested size: 386.96027pt x 290.20703pt.
File: images/setup_2.jpeg Graphic file (type jpg)
<use images/setup_2.jpeg>
Package pdftex.def Info: images/setup_2.jpeg  used on input line 56.
(pdftex.def)             Requested size: 318.66948pt x 239.00267pt.

Underfull \vbox (badness 4792) has occurred while \output is active []

 [35 <./images/setup_2.jpeg>] [36]
Underfull \hbox (badness 1509) in paragraph at lines 96--96
[]|\OT1/cmr/m/n/10.95 Primary anal-
 []


Overfull \hbox (3.67503pt too wide) in paragraph at lines 115--116
[]\OT1/cmr/bx/n/12 Event pre-dic-tion: \OT1/cmr/m/n/12 For each event $\OML/cmm
/m/it/12 e[] \OT1/cmr/m/n/12 = (\OML/cmm/m/it/12 x[]; t[]; p[]\OT1/cmr/m/n/12 )
$, com-pute $\OML/cmm/m/it/12 x[] \OT1/cmr/m/n/12 = \OMS/cmsy/m/n/12 R []\OML/c
mm/m/it/12 x[]\OT1/cmr/m/n/12 ; [](\OML/cmm/m/it/12 t[]\OT1/cmr/m/n/12 )\OML/cm
m/m/it/12 ; []\OT1/cmr/m/n/12 (\OML/cmm/m/it/12 t[]\OT1/cmr/m/n/12 )^^A\OML/cmm
/m/it/12 t[]$
 []

[37] [38]) [39] [40]
\openout2 = `results/results.aux'.

 (./results/results.tex
Chapter 7.
<../code/thesis_figures/figure_cancellation_vs_dt.png, id=1467, 1144.7568pt x 4
20.6114pt>
File: ../code/thesis_figures/figure_cancellation_vs_dt.png Graphic file (type p
ng)
<use ../code/thesis_figures/figure_cancellation_vs_dt.png>
Package pdftex.def Info: ../code/thesis_figures/figure_cancellation_vs_dt.png  
used on input line 11.
(pdftex.def)             Requested size: 432.48051pt x 158.90338pt.
<../code/thesis_figures/figure_tolerance_sensitivity.pdf, id=1472, 1063.58633pt
 x 369.01048pt>
File: ../code/thesis_figures/figure_tolerance_sensitivity.pdf Graphic file (typ
e pdf)
<use ../code/thesis_figures/figure_tolerance_sensitivity.pdf>
Package pdftex.def Info: ../code/thesis_figures/figure_tolerance_sensitivity.pd
f  used on input line 26.
(pdftex.def)             Requested size: 432.48051pt x 150.05089pt.
[41




] [42 <../code/thesis_figures/figure_cancellation_vs_dt.png> <../code/thesis_fi
gures/figure_tolerance_sensitivity.pdf>]
(../code/thesis_figures/table_optimal_parameters.tex)
<../code/thesis_figures/figure_radial_profile.pdf, id=1559, 712.76787pt x 422.9
9216pt>
File: ../code/thesis_figures/figure_radial_profile.pdf Graphic file (type pdf)
<use ../code/thesis_figures/figure_radial_profile.pdf>
Package pdftex.def Info: ../code/thesis_figures/figure_radial_profile.pdf  used
 on input line 55.
(pdftex.def)             Requested size: 341.43307pt x 202.62729pt.
 [43]
<../code/thesis_figures/figure_roi_analysis.pdf, id=1571, 1001.65997pt x 421.55
052pt>
File: ../code/thesis_figures/figure_roi_analysis.pdf Graphic file (type pdf)
<use ../code/thesis_figures/figure_roi_analysis.pdf>
Package pdftex.def Info: ../code/thesis_figures/figure_roi_analysis.pdf  used o
n input line 91.
(pdftex.def)             Requested size: 386.96027pt x 162.84741pt.

Underfull \vbox (badness 10000) has occurred while \output is active []

 [44 <../code/thesis_figures/figure_radial_profile.pdf>]
<../code/thesis_figures/figure_displacement_distribution.pdf, id=1650, 1001.706
12pt x 350.72215pt>
File: ../code/thesis_figures/figure_displacement_distribution.pdf Graphic file 
(type pdf)
<use ../code/thesis_figures/figure_displacement_distribution.pdf>
Package pdftex.def Info: ../code/thesis_figures/figure_displacement_distributio
n.pdf  used on input line 104.
(pdftex.def)             Requested size: 386.96027pt x 135.48601pt.

Underfull \vbox (badness 10000) has occurred while \output is active []

 [45 <../code/thesis_figures/figure_roi_analysis.pdf> <../code/thesis_figures/f
igure_displacement_distribution.pdf>]
<../code/pipeline/results_plots/perlin_1280hz_hand_outframe_combined_circles.pn
g, id=1777, 959.12614pt x 625.1355pt>
File: ../code/pipeline/results_plots/perlin_1280hz_hand_outframe_combined_circl
es.png Graphic file (type png)
<use ../code/pipeline/results_plots/perlin_1280hz_hand_outframe_combined_circle
s.png>
Package pdftex.def Info: ../code/pipeline/results_plots/perlin_1280hz_hand_outf
rame_combined_circles.png  used on input line 117.
(pdftex.def)             Requested size: 432.48051pt x 281.88069pt.
 [46 <../code/pipeline/results_plots/perlin_1280hz_hand_outframe_combined_circl
es.png>]
Overfull \hbox (9.0617pt too wide) in paragraph at lines 126--126
[]\OT1/cmr/bx/n/17.28 Comparison with Mo-tion Es-ti-ma-tion Ac-cu-racy 
 []

[47]
File: ../code/pipeline/results_plots/perlin_1280hz_hand_outframe_combined_circl
es.png Graphic file (type png)
<use ../code/pipeline/results_plots/perlin_1280hz_hand_outframe_combined_circle
s.png>
Package pdftex.def Info: ../code/pipeline/results_plots/perlin_1280hz_hand_outf
rame_combined_circles.png  used on input line 155.
(pdftex.def)             Requested size: 341.43307pt x 222.5399pt.
 [48]) [49]
\openout2 = `metrics_analysis/metrics_analysis.aux'.

 (./metrics_analysis/metrics_analysis.tex
Chapter 8.

Package hyperref Warning: Token not allowed in a PDF string (Unicode):
(hyperref)                removing `math shift' on input line 20.


Package hyperref Warning: Token not allowed in a PDF string (Unicode):
(hyperref)                removing `\Delta' on input line 20.


LaTeX Warning: Reference `fig:dt_sweep' on page 50 undefined on input line 23.

[50




]

LaTeX Warning: Reference `fig:dt_sweep_combined' on page 51 undefined on input 
line 34.


Package hyperref Warning: Token not allowed in a PDF string (Unicode):
(hyperref)                removing `math shift' on input line 47.


Package hyperref Warning: Token not allowed in a PDF string (Unicode):
(hyperref)                removing `\epsilon' on input line 47.


Package hyperref Warning: Token not allowed in a PDF string (Unicode):
(hyperref)                removing `subscript' on input line 47.


LaTeX Warning: Reference `fig:spatial_tolerance' on page 51 undefined on input 
line 53.


Package hyperref Warning: Token not allowed in a PDF string (Unicode):
(hyperref)                removing `math shift' on input line 68.


Package hyperref Warning: Token not allowed in a PDF string (Unicode):
(hyperref)                removing `\epsilon' on input line 68.


Package hyperref Warning: Token not allowed in a PDF string (Unicode):
(hyperref)                removing `subscript' on input line 68.

[51]

LaTeX Warning: Reference `fig:dt_sweep' on page 52 undefined on input line 85.


LaTeX Warning: Reference `fig:polarity' on page 52 undefined on input line 97.

[52] [53]
Overfull \hbox (1.08087pt too wide) in paragraph at lines 156--157
[]\OT1/cmr/bx/n/12 Polarity: \OT1/cmr/m/n/12 En-forc-ing op-po-site po-lar-ity 
yields cleaner in-hi-bi-tion maps, though slightly
 []

) [54]
\openout2 = `discussion/discussion.aux'.

 (./discussion/discussion.tex
Chapter 9.
) [55




]
\openout2 = `conclusions/conclusions.aux'.

 (./conclusions/conclusions.tex
Chapter 10.
)
Overfull \hbox (0.66644pt too wide) in paragraph at lines 10--157
\OT1/cmr/m/n/12 General ego-motion (trans-la-tions, pla-nar mo-tion), uncertain
ty-aware sup-pres-sion via prob-
 []

[56




] (./thesis.bbl [57




]) [58] (./thesis.aux (./dedication.aux)
(./disclaimer.aux) (./acknowledgements.aux) (./abstract.aux)
(./introduction/introduction.aux) (./background/background.aux)
(./motion_estimation/motion_estimation.aux)
(./problem_formulation/problem_formulation.aux)
(./cancellation/cancellation.aux) (./experimental_setup/experimental_setup.aux)
(./results/results.aux) (./metrics_analysis/metrics_analysis.aux)
(./discussion/discussion.aux) (./conclusions/conclusions.aux))

LaTeX Font Warning: Size substitutions with differences
(Font)              up to 0.74pt have occurred.


LaTeX Warning: There were undefined references.

Package rerunfilecheck Info: File `thesis.out' has not changed.
(rerunfilecheck)             Checksum: 4B06470C0151C18C3C10262F3E6C85B3;15906.
 ) 
Here is how much of TeX's memory you used:
 18686 strings out of 480171
 311378 string characters out of 5894489
 612908 words of memory out of 5000000
 35833 multiletter control sequences out of 15000+600000
 493663 words of font info for 117 fonts, out of 8000000 for 9000
 59 hyphenation exceptions out of 8191
 68i,13n,77p,1606b,459s stack positions out of 5000i,500n,10000p,200000b,80000s
 </home/sumit/.texlive2021/texmf-var/fonts/pk/ljfour/jknappen/ec/tcrm1200.600
pk>{/usr/share/texmf/fonts/enc/dvips/tex-gyre/q-rmzc.enc} </home/sumit/.texlive
2021/texmf-var/fonts/pk/ljfour/jknappen/ec/tcrm1440.600pk></usr/share/texlive/t
exmf-dist/fonts/type1/public/amsfonts/cm/cmbx10.pfb></usr/share/texlive/texmf-d
ist/fonts/type1/public/amsfonts/cm/cmbx12.pfb></usr/share/texlive/texmf-dist/fo
nts/type1/public/amsfonts/cm/cmcsc10.pfb></usr/share/texlive/texmf-dist/fonts/t
ype1/public/amsfonts/cm/cmex10.pfb></usr/share/texlive/texmf-dist/fonts/type1/p
ublic/amsfonts/cm/cmmi10.pfb></usr/share/texlive/texmf-dist/fonts/type1/public/
amsfonts/cm/cmmi12.pfb></usr/share/texlive/texmf-dist/fonts/type1/public/amsfon
ts/cm/cmmi8.pfb></usr/share/texlive/texmf-dist/fonts/type1/public/amsfonts/cm/c
mr10.pfb></usr/share/texlive/texmf-dist/fonts/type1/public/amsfonts/cm/cmr12.pf
b></usr/share/texlive/texmf-dist/fonts/type1/public/amsfonts/cm/cmr17.pfb></usr
/share/texlive/texmf-dist/fonts/type1/public/amsfonts/cm/cmr7.pfb></usr/share/t
exlive/texmf-dist/fonts/type1/public/amsfonts/cm/cmr8.pfb></usr/share/texlive/t
exmf-dist/fonts/type1/public/amsfonts/cm/cmsy10.pfb></usr/share/texlive/texmf-d
ist/fonts/type1/public/amsfonts/cm/cmsy6.pfb></usr/share/texlive/texmf-dist/fon
ts/type1/public/amsfonts/cm/cmsy8.pfb></usr/share/texlive/texmf-dist/fonts/type
1/public/amsfonts/cm/cmti12.pfb></usr/share/texlive/texmf-dist/fonts/type1/publ
ic/amsfonts/cm/cmtt12.pfb></usr/share/texlive/texmf-dist/fonts/type1/public/ams
fonts/symbols/msam10.pfb></usr/share/texlive/texmf-dist/fonts/type1/public/amsf
onts/symbols/msbm10.pfb></usr/share/texmf/fonts/type1/public/tex-gyre/qzcmi.pfb
>
Output written on thesis.pdf (70 pages, 2322043 bytes).
PDF statistics:
 2052 PDF objects out of 2073 (max. 8388607)
 1684 compressed objects within 17 object streams
 349 named destinations out of 1000 (max. 500000)
 670 words of extra memory for PDF output out of 10000 (max. 10000000)

